0 info it worked if it ends with ok
1 verbose cli [ '/usr/local/bin/node', '/usr/local/bin/npm', 'run', 'build' ]
2 info using npm@3.10.10
3 info using node@v7.2.1
4 verbose run-script [ 'prebuild', 'build', 'postbuild' ]
5 info lifecycle placeload.js@0.0.1~prebuild: placeload.js@0.0.1
6 silly lifecycle placeload.js@0.0.1~prebuild: no script for prebuild, continuing
7 info lifecycle placeload.js@0.0.1~build: placeload.js@0.0.1
8 verbose lifecycle placeload.js@0.0.1~build: unsafe-perm in lifecycle true
9 verbose lifecycle placeload.js@0.0.1~build: PATH: /usr/local/lib/node_modules/npm/bin/node-gyp-bin:/home/victormartins/Documents/my-repositories-gh/placeload.js/node_modules/.bin:/home/victormartins/bin:/home/victormartins/.zsh/bin:/usr/local/bin:/usr/local/sbin:/home/victormartins/bin:/home/victormartins/.zsh/bin:/usr/local/bin:/usr/local/sbin:/home/victormartins/.rvm/gems/ruby-2.2.0/bin:/home/victormartins/.rvm/gems/ruby-2.2.0@global/bin:/home/victormartins/.rvm/rubies/ruby-2.2.0/bin:/usr/lib64/qt-3.3/bin:/usr/local/bin:/usr/local/sbin:/usr/bin:/usr/sbin:/home/victormartins/bin:/home/victormartins/.rvm/bin:/home/victormartins/bin/ec2-api-tools/bin:/home/victormartins/.local/bin:/home/victormartins/.cabal/bin:/home/victormartins/.rvm/bin:/opt/GitKraken:/home/victormartins/bin:/home/victormartins/bin/ec2-api-tools/bin:/home/victormartins/.local/bin:/home/victormartins/.cabal/bin:/home/victormartins/.rvm/bin:/opt/GitKraken
10 verbose lifecycle placeload.js@0.0.1~build: CWD: /home/victormartins/Documents/my-repositories-gh/placeload.js
11 silly lifecycle placeload.js@0.0.1~build: Args: [ '-c', 'clear && ./compile.sh build' ]
12 silly lifecycle placeload.js@0.0.1~build: Returned: code: 1  signal: null
13 info lifecycle placeload.js@0.0.1~build: Failed to exec build script
14 verbose stack Error: placeload.js@0.0.1 build: `clear && ./compile.sh build`
14 verbose stack Exit status 1
14 verbose stack     at EventEmitter.<anonymous> (/usr/local/lib/node_modules/npm/lib/utils/lifecycle.js:255:16)
14 verbose stack     at emitTwo (events.js:106:13)
14 verbose stack     at EventEmitter.emit (events.js:191:7)
14 verbose stack     at ChildProcess.<anonymous> (/usr/local/lib/node_modules/npm/lib/utils/spawn.js:40:14)
14 verbose stack     at emitTwo (events.js:106:13)
14 verbose stack     at ChildProcess.emit (events.js:191:7)
14 verbose stack     at maybeClose (internal/child_process.js:885:16)
14 verbose stack     at Process.ChildProcess._handle.onexit (internal/child_process.js:226:5)
15 verbose pkgid placeload.js@0.0.1
16 verbose cwd /home/victormartins/Documents/my-repositories-gh/placeload.js
17 error Linux 4.8.6-300.fc25.x86_64
18 error argv "/usr/local/bin/node" "/usr/local/bin/npm" "run" "build"
19 error node v7.2.1
20 error npm  v3.10.10
21 error code ELIFECYCLE
22 error placeload.js@0.0.1 build: `clear && ./compile.sh build`
22 error Exit status 1
23 error Failed at the placeload.js@0.0.1 build script 'clear && ./compile.sh build'.
23 error Make sure you have the latest version of node.js and npm installed.
23 error If you do, this is most likely a problem with the placeload.js package,
23 error not with npm itself.
23 error Tell the author that this fails on your system:
23 error     clear && ./compile.sh build
23 error You can get information on how to open an issue for this project with:
23 error     npm bugs placeload.js
23 error Or if that isn't available, you can get their info via:
23 error     npm owner ls placeload.js
23 error There is likely additional logging output above.
24 verbose exit [ 1, true ]
